{"/media/joana/Storage/Projects/tests/react-course-projects/indecision-app/src/actions/auth.js": {"path":"/media/joana/Storage/Projects/tests/react-course-projects/indecision-app/src/actions/auth.js","statementMap":{"0":{"start":{"line":3,"column":21},"end":{"line":9,"column":2}},"1":{"start":{"line":3,"column":61},"end":{"line":9,"column":1}},"2":{"start":{"line":11,"column":26},"end":{"line":20,"column":1}},"3":{"start":{"line":12,"column":2},"end":{"line":19,"column":4}},"4":{"start":{"line":13,"column":6},"end":{"line":18,"column":5}},"5":{"start":{"line":15,"column":10},"end":{"line":15,"column":62}},"6":{"start":{"line":17,"column":10},"end":{"line":17,"column":62}},"7":{"start":{"line":22,"column":22},"end":{"line":24,"column":2}},"8":{"start":{"line":22,"column":29},"end":{"line":24,"column":1}},"9":{"start":{"line":26,"column":27},"end":{"line":30,"column":1}},"10":{"start":{"line":27,"column":2},"end":{"line":29,"column":4}},"11":{"start":{"line":28,"column":4},"end":{"line":28,"column":37}}},"fnMap":{"0":{"name":"(anonymous_0)","decl":{"start":{"line":3,"column":21},"end":{"line":3,"column":22}},"loc":{"start":{"line":3,"column":61},"end":{"line":9,"column":1}},"line":3},"1":{"name":"(anonymous_1)","decl":{"start":{"line":11,"column":26},"end":{"line":11,"column":27}},"loc":{"start":{"line":11,"column":40},"end":{"line":20,"column":1}},"line":11},"2":{"name":"(anonymous_2)","decl":{"start":{"line":12,"column":9},"end":{"line":12,"column":10}},"loc":{"start":{"line":12,"column":23},"end":{"line":19,"column":3}},"line":12},"3":{"name":"(anonymous_3)","decl":{"start":{"line":22,"column":22},"end":{"line":22,"column":23}},"loc":{"start":{"line":22,"column":29},"end":{"line":24,"column":1}},"line":22},"4":{"name":"(anonymous_4)","decl":{"start":{"line":26,"column":27},"end":{"line":26,"column":28}},"loc":{"start":{"line":26,"column":33},"end":{"line":30,"column":1}},"line":26},"5":{"name":"(anonymous_5)","decl":{"start":{"line":27,"column":9},"end":{"line":27,"column":10}},"loc":{"start":{"line":27,"column":15},"end":{"line":29,"column":3}},"line":27}},"branchMap":{"0":{"loc":{"start":{"line":13,"column":6},"end":{"line":18,"column":5}},"type":"switch","locations":[{"start":{"line":14,"column":8},"end":{"line":15,"column":62}},{"start":{"line":16,"column":8},"end":{"line":17,"column":62}}],"line":13}},"s":{"0":1,"1":1,"2":1,"3":1,"4":0,"5":0,"6":0,"7":1,"8":1,"9":1,"10":1,"11":0},"f":{"0":1,"1":1,"2":0,"3":1,"4":1,"5":0},"b":{"0":[0,0]},"_coverageSchema":"332fd63041d2c1bcb487cc26dd0d5f7d97098a6c","hash":"0307582be517d4b10a2f278278ad485e7cccf09e"}
,"/media/joana/Storage/Projects/tests/react-course-projects/indecision-app/src/firebase/firebase.js": {"path":"/media/joana/Storage/Projects/tests/react-course-projects/indecision-app/src/firebase/firebase.js","statementMap":{"0":{"start":{"line":4,"column":15},"end":{"line":11,"column":1}},"1":{"start":{"line":13,"column":0},"end":{"line":13,"column":31}},"2":{"start":{"line":15,"column":17},"end":{"line":15,"column":36}},"3":{"start":{"line":16,"column":27},"end":{"line":16,"column":65}},"4":{"start":{"line":17,"column":27},"end":{"line":17,"column":65}}},"fnMap":{},"branchMap":{},"s":{"0":1,"1":1,"2":1,"3":1,"4":1},"f":{},"b":{},"_coverageSchema":"332fd63041d2c1bcb487cc26dd0d5f7d97098a6c","hash":"c4e04a25436d7b25ac4678c6711755223ef31c2e"}
,"/media/joana/Storage/Projects/tests/react-course-projects/indecision-app/src/tests/setupTests.js": {"path":"/media/joana/Storage/Projects/tests/react-course-projects/indecision-app/src/tests/setupTests.js","statementMap":{"0":{"start":{"line":6,"column":0},"end":{"line":8,"column":3}},"1":{"start":{"line":11,"column":0},"end":{"line":11,"column":37}}},"fnMap":{},"branchMap":{},"s":{"0":1,"1":1},"f":{},"b":{},"_coverageSchema":"332fd63041d2c1bcb487cc26dd0d5f7d97098a6c","hash":"0990d838a79b22583aea51542eb382c5657901fb"}
}
