TN:
SF:/media/joana/Storage/Projects/tests/react-course-projects/indecision-app/src/actions/auth.js
FN:3,(anonymous_0)
FN:11,(anonymous_1)
FN:12,(anonymous_2)
FN:22,(anonymous_3)
FN:26,(anonymous_4)
FN:27,(anonymous_5)
FNF:6
FNH:4
FNDA:1,(anonymous_0)
FNDA:1,(anonymous_1)
FNDA:0,(anonymous_2)
FNDA:1,(anonymous_3)
FNDA:1,(anonymous_4)
FNDA:0,(anonymous_5)
DA:3,1
DA:11,1
DA:12,1
DA:13,0
DA:15,0
DA:17,0
DA:22,1
DA:26,1
DA:27,1
DA:28,0
LF:10
LH:6
BRDA:13,0,0,0
BRDA:13,0,1,0
BRF:2
BRH:0
end_of_record
TN:
SF:/media/joana/Storage/Projects/tests/react-course-projects/indecision-app/src/firebase/firebase.js
FNF:0
FNH:0
DA:4,1
DA:13,1
DA:15,1
DA:16,1
DA:17,1
LF:5
LH:5
BRF:0
BRH:0
end_of_record
TN:
SF:/media/joana/Storage/Projects/tests/react-course-projects/indecision-app/src/tests/setupTests.js
FNF:0
FNH:0
DA:6,1
DA:11,1
LF:2
LH:2
BRF:0
BRH:0
end_of_record
